<?xml version="1.0" encoding="UTF-8"?>
<testng-results skipped="0" failed="0" ignored="0" total="3" passed="3">
  <reporter-output>
  </reporter-output>
  <suite name="QATask" duration-ms="19213" started-at="2019-06-13T09:37:35Z" finished-at="2019-06-13T09:37:54Z">
    <groups>
    </groups>
    <test name="Task_01" duration-ms="19213" started-at="2019-06-13T09:37:35Z" finished-at="2019-06-13T09:37:54Z">
      <class name="test.Task_1">
        <test-method status="PASS" signature="launchBrowser()[pri:0, instance:test.Task_1@8bd1b6a]" name="launchBrowser" is-config="true" duration-ms="10508" started-at="2019-06-13T09:37:35Z" finished-at="2019-06-13T09:37:45Z">
          <reporter-output>
          </reporter-output>
        </test-method> <!-- launchBrowser -->
        <test-method status="PASS" signature="login()[pri:0, instance:test.Task_1@8bd1b6a]" name="login" duration-ms="5227" started-at="2019-06-13T09:37:45Z" finished-at="2019-06-13T09:37:50Z">
          <reporter-output>
          </reporter-output>
        </test-method> <!-- login -->
        <test-method status="PASS" signature="selectAndDownload()[pri:1, instance:test.Task_1@8bd1b6a]" name="selectAndDownload" duration-ms="3292" started-at="2019-06-13T09:37:50Z" finished-at="2019-06-13T09:37:54Z">
          <reporter-output>
          </reporter-output>
        </test-method> <!-- selectAndDownload -->
        <test-method status="PASS" signature="calculate()[pri:2, instance:test.Task_1@8bd1b6a]" name="calculate" duration-ms="5" started-at="2019-06-13T09:37:54Z" finished-at="2019-06-13T09:37:54Z">
          <reporter-output>
          </reporter-output>
        </test-method> <!-- calculate -->
        <test-method status="PASS" signature="quit()[pri:0, instance:test.Task_1@8bd1b6a]" name="quit" is-config="true" duration-ms="150" started-at="2019-06-13T09:37:54Z" finished-at="2019-06-13T09:37:54Z">
          <reporter-output>
          </reporter-output>
        </test-method> <!-- quit -->
      </class> <!-- test.Task_1 -->
    </test> <!-- Task_01 -->
  </suite> <!-- QATask -->
</testng-results>
